ch_My room	09/08/2012	14:19:32		san joins My room
ch_My room	09/08/2012	14:19:39	san	[color=#FF0000] :) [/color]
ch_My room	09/08/2012	14:20:48	san	san quit
ch_My room	09/08/2012	14:20:50		san joins My room
ch_My room	09/08/2012	14:20:58	san	san quit
ch_My room	09/08/2012	14:21:00		san joins My room
ch_My room	10/08/2012	13:47:10		abcd joins My room
ch_My room	10/08/2012	13:47:19	abcd	hello
ch_My room	10/08/2012	13:47:33	abcd	[u]abcd[/u]
ch_My room	10/08/2012	13:47:43	abcd	[s]aaa[/s]
ch_My room	10/08/2012	13:47:55	abcd	[b]abc[/b]
ch_My room	10/08/2012	13:48:00	abcd	abcd quit
ch_My room	10/08/2012	13:48:02		abcd joins My room
ch_My room	10/08/2012	13:48:11	abcd	:***::drizzle:
ch_My room	10/08/2012	13:48:30	abcd	abcd quit
ch_My room	10/08/2012	13:48:33		abcd joins My room
ch_My room	30/09/2012	05:16:29		san joins My room
ch_My room	30/09/2012	05:16:51		boki joins My room
pv_181875dacdb246d2f8d0739988e4948cfaafca71_429fe09e9dce4fb195615ccbd04aae039f39391d	30/09/2012	05:17:10	san	hey boki...:lol:
ch_My room	30/09/2012	05:18:08	san	boki quit (timeout)
pv_181875dacdb246d2f8d0739988e4948cfaafca71_429fe09e9dce4fb195615ccbd04aae039f39391d	30/09/2012	05:18:08	san	boki quit (timeout)
pv_181875dacdb246d2f8d0739988e4948cfaafca71_429fe09e9dce4fb195615ccbd04aae039f39391d	30/09/2012	05:18:12	san	san quit
