ch_My room	09/08/2012	14:07:39		guest559 joins My room
ch_My room	09/08/2012	14:08:12	guest559	http://localhost/tryy/chat1/data/public/themes/default/smileys/emoticon_evilgrin.png
ch_My room	09/08/2012	14:08:38		guest636 joins My room
ch_My room	09/08/2012	14:08:48	guest636	hello:)
ch_My room	09/08/2012	14:08:57	guest559	hi
ch_My room	09/08/2012	14:09:13	guest636	wassss up?
ch_My room	09/08/2012	14:09:19	guest559	nothing yar
ch_My room	09/08/2012	14:09:25	guest636	k
ch_My room	09/08/2012	14:09:44	guest559	a
pv_29142992ae6a2cc635a9d01d14994967bf554a2b_a0785b6482cd87e0682ad91e82c5875864fa66f1	09/08/2012	14:10:13	guest636	hey that msg is private
pv_29142992ae6a2cc635a9d01d14994967bf554a2b_a0785b6482cd87e0682ad91e82c5875864fa66f1	09/08/2012	14:10:26	guest559	guest559 quit
ch_My room	09/08/2012	14:10:38	guest559	[color=#FF0000] bye [/color]
pv_29142992ae6a2cc635a9d01d14994967bf554a2b_a0785b6482cd87e0682ad91e82c5875864fa66f1	09/08/2012	14:10:47	guest636	guest636 quit
ch_My room	09/08/2012	14:10:53	guest636	k, bye
ch_My room	09/08/2012	14:10:56	guest636	:p
ch_My room	09/08/2012	14:11:03	guest636	:)
ch_My room	09/08/2012	14:11:03	guest636	>(
ch_My room	09/08/2012	14:11:04	guest636	:-/
ch_My room	09/08/2012	14:11:04	guest636	:D
ch_My room	09/08/2012	14:11:05	guest636	:(
ch_My room	09/08/2012	14:11:05	guest636	:lol:
ch_My room	09/08/2012	14:11:05	guest636	:-}
ch_My room	09/08/2012	14:11:06	guest636	;)
ch_My room	09/08/2012	14:11:06	guest636	:p
ch_My room	09/08/2012	14:11:07	guest636	:drizzle:
ch_My room	09/08/2012	14:11:07	guest636	:***:
	09/08/2012	14:11:12	guest636	:***:
	09/08/2012	14:11:14	guest636	:cloudly:
ch_My room	09/08/2012	14:11:23		guest636 joins My room
ch_My room	09/08/2012	14:11:28	guest636	0=
ch_My room	09/08/2012	14:12:47	guest559	
ch_My room	09/08/2012	14:15:10	guest559	[color=#FF0000] [s]11[/s] [/color]
ch_My room	09/08/2012	14:15:23	guest559	guest559 quit
ch_My room	09/08/2012	14:15:24		guest559 joins My room
ch_My room	09/08/2012	14:15:52	guest559	guest559 quit
	09/08/2012	14:15:55	guest559	[color=#FF0000] 11 [/color]
ch_My room	09/08/2012	14:16:03		guest559 joins My room
ch_My room	09/08/2012	14:16:11	guest559	[color=#FF0000] :!: [/color]
pv_29142992ae6a2cc635a9d01d14994967bf554a2b_a0785b6482cd87e0682ad91e82c5875864fa66f1	09/08/2012	14:16:31	guest559	guest559 quit
ch_My room	09/08/2012	14:16:54	guest559	guest636 quit (timeout)
ch_My room	10/08/2012	05:30:21		guest166 joins My room
ch_My room	10/08/2012	05:30:39		guest485 joins My room
pv_b047a4f77d9492dcc30bd721105a60b591349861_c3c42bf80a6432bb14db2e761d30fffd3417f5f3	10/08/2012	05:31:14	guest485	hello...:)
pv_b047a4f77d9492dcc30bd721105a60b591349861_c3c42bf80a6432bb14db2e761d30fffd3417f5f3	10/08/2012	05:31:27	guest166	<<<>>>
pv_b047a4f77d9492dcc30bd721105a60b591349861_c3c42bf80a6432bb14db2e761d30fffd3417f5f3	10/08/2012	05:31:57	guest485	guest485 quit
ch_My room	10/08/2012	13:46:38		guest12 joins My room
ch_My room	30/09/2012	05:12:47		guest163 joins My room
ch_My room	30/09/2012	05:12:58	guest163	guest163 quit
ch_My room	30/09/2012	05:13:00		guest163 joins My room
ch_My room	30/09/2012	05:13:01	guest163	guest163 quit
ch_My room	30/09/2012	05:13:05		guest163 joins My room
ch_My room	30/09/2012	05:13:14	guest163	
ch_My room	30/09/2012	05:13:52	guest163	guest163 quit
ch_My room	30/09/2012	05:13:55		guest163 joins My room
ch_My room	30/09/2012	05:14:44		guest412 joins My room
pv_181875dacdb246d2f8d0739988e4948cfaafca71_d52b8630a2dcee7dbe4061382485fa3550ca27d1	30/09/2012	05:15:05	guest163	hello...:)
pv_181875dacdb246d2f8d0739988e4948cfaafca71_d52b8630a2dcee7dbe4061382485fa3550ca27d1	30/09/2012	05:15:15	guest412	hi
pv_181875dacdb246d2f8d0739988e4948cfaafca71_d52b8630a2dcee7dbe4061382485fa3550ca27d1	30/09/2012	05:15:23	guest163	:lol:
pv_181875dacdb246d2f8d0739988e4948cfaafca71_d52b8630a2dcee7dbe4061382485fa3550ca27d1	30/09/2012	05:15:40	guest412	guest412 quit
