ch_My room	30/09/2012	05:29:15		san joins My room
ch_My room	30/09/2012	05:30:12		boki joins My room
pv_181875dacdb246d2f8d0739988e4948cfaafca71_c7680fb7b9984ec029f4e3125a2d924967b9562b	30/09/2012	05:30:22	boki	hey
ch_My room	12/10/2012	20:30:44		san joins My room
ch_My room	12/10/2012	20:31:01	san	:***:
ch_My room	23/10/2012	23:55:11		san joins My room
ch_My room	23/10/2012	23:55:21	san	;)
ch_My room	23/10/2012	23:55:37	san	hello..... any one here ????
ch_My room	23/10/2012	23:56:04	san	<<<
ch_My room	23/10/2012	23:56:06	san	>>>
ch_My room	23/10/2012	23:56:16	san	
ch_My room	24/10/2012	04:24:34		akshay joins My room
ch_My room	24/10/2012	04:25:08	akshay	
ch_My room	24/10/2012	04:25:18	akshay	akshay quit
ch_My room	24/10/2012	04:25:20		akshay joins My room
ch_My room	24/10/2012	04:25:25	akshay	
ch_My room	24/10/2012	04:25:26	akshay	
ch_My room	24/10/2012	04:25:26	akshay	
ch_My room	05/11/2012	04:05:19		boki joins My room
ch_My room	05/11/2012	04:05:41		tree joins My room
pv_71245aeeb7182fe3356483feafdf18de9192cf02_eb77e281ff5e20352d566b4b021e9d0c31f4a536	05/11/2012	04:05:59	boki	hi tree
pv_71245aeeb7182fe3356483feafdf18de9192cf02_eb77e281ff5e20352d566b4b021e9d0c31f4a536	05/11/2012	04:06:16	tree	hi dada
pv_71245aeeb7182fe3356483feafdf18de9192cf02_eb77e281ff5e20352d566b4b021e9d0c31f4a536	05/11/2012	04:06:26	boki	mi komat gelo
ch_My room	08/11/2012	00:05:11		san joins My room
ch_My room	08/11/2012	00:05:53	san	hello......:)
ch_My room	10/11/2012	01:15:33		php joins My room
ch_My room	10/11/2012	01:16:01		boki joins My room
ch_My room	10/11/2012	01:16:11	boki	hi.
ch_My room	10/11/2012	01:16:20	boki	hey
ch_My room	10/11/2012	01:16:48	php	boki, boki, 
pv_6d05abb8f43d81ace53675cac2871b14a0aa3e51_bca3540b14345bc8a513c963b3c1b92132b3a0c4	10/11/2012	01:17:13	boki	[color=#FF0000] Welcome to Drive Chat System [/color]
ch_My room	10/11/2012	01:17:46	php	php quit
pv_6d05abb8f43d81ace53675cac2871b14a0aa3e51_bca3540b14345bc8a513c963b3c1b92132b3a0c4	10/11/2012	01:17:46	php	php quit
ch_My room	10/11/2012	01:17:47		php joins My room
